2019-10-15 20:12:23 DEBUG JavassistTransformer:10 - Transforming class using Javassist tool
2019-10-15 20:12:23 DEBUG JavassistTransformer:10 - Transforming class using Javassist tool
2019-10-15 20:12:23 DEBUG JavassistTransformer:10 - Transforming class using Javassist tool
2019-10-15 20:12:23 DEBUG JavassistTransformer:10 - Transforming class using Javassist tool
2019-10-15 20:12:23 DEBUG JavassistTransformer:10 - Transforming class using Javassist tool
2019-10-15 20:12:23 DEBUG JavassistTransformer:10 - Transforming class using Javassist tool
2019-10-15 20:12:23 DEBUG JavassistTransformer:10 - Transforming class using Javassist tool
2019-10-15 20:12:23 DEBUG JavassistTransformer:10 - Transforming class using Javassist tool
2019-10-15 20:12:23 DEBUG JavassistTransformer:10 - Transforming class using Javassist tool
2019-10-15 20:12:23 DEBUG JavassistTransformer:10 - Transforming class using Javassist tool
2019-10-15 20:12:23 DEBUG JavassistTransformer:10 - Transforming class using Javassist tool
2019-10-15 20:12:23 DEBUG JavassistTransformer:10 - Transforming class using Javassist tool
2019-10-15 20:12:23 DEBUG JavassistTransformer:10 - Transforming class using Javassist tool
2019-10-15 20:12:23 DEBUG JavassistTransformer:10 - Transforming class using Javassist tool
2019-10-15 20:12:23 DEBUG JavassistTransformer:10 - Transforming class using Javassist tool
2019-10-15 20:12:23 DEBUG JavassistTransformer:10 - Transforming class using Javassist tool
2019-10-15 20:12:23 DEBUG JavassistTransformer:10 - Transforming class using Javassist tool
2019-10-15 20:12:23 DEBUG JavassistTransformer:10 - Transforming class using Javassist tool
2019-10-15 20:12:23 DEBUG JavassistTransformer:10 - Transforming class using Javassist tool
2019-10-15 20:12:23 DEBUG JavassistTransformer:10 - Transforming class using Javassist tool
2019-10-15 20:12:23 DEBUG JavassistTransformer:10 - Transforming class using Javassist tool
2019-10-15 20:12:24 DEBUG JavassistTransformer:10 - Transforming class using Javassist tool
2019-10-15 20:12:24 DEBUG JavassistTransformer:10 - Transforming class using Javassist tool
2019-10-15 20:12:24 DEBUG JavassistTransformer:10 - Transforming class using Javassist tool
2019-10-15 20:12:24 DEBUG JavassistTransformer:10 - Transforming class using Javassist tool
2019-10-15 20:12:24 DEBUG JavassistTransformer:10 - Transforming class using Javassist tool
2019-10-15 20:13:16 DEBUG AsmTransformer:10 - Transforming class using ASM tool
2019-10-15 20:13:16 DEBUG AsmTransformer:10 - Transforming class using ASM tool
2019-10-15 20:13:16 DEBUG AsmTransformer:10 - Transforming class using ASM tool
2019-10-15 20:13:16 DEBUG AsmTransformer:10 - Transforming class using ASM tool
2019-10-15 20:13:16 DEBUG AsmTransformer:10 - Transforming class using ASM tool
2019-10-15 20:13:16 DEBUG AsmTransformer:10 - Transforming class using ASM tool
2019-10-15 20:13:16 DEBUG AsmTransformer:10 - Transforming class using ASM tool
2019-10-15 20:13:16 DEBUG AsmTransformer:10 - Transforming class using ASM tool
2019-10-15 20:13:16 DEBUG AsmTransformer:10 - Transforming class using ASM tool
2019-10-15 20:13:16 DEBUG AsmTransformer:10 - Transforming class using ASM tool
2019-10-15 20:13:16 DEBUG AsmTransformer:10 - Transforming class using ASM tool
2019-10-15 20:13:16 DEBUG AsmTransformer:10 - Transforming class using ASM tool
2019-10-15 20:13:16 DEBUG AsmTransformer:10 - Transforming class using ASM tool
2019-10-15 20:13:16 DEBUG AsmTransformer:10 - Transforming class using ASM tool
2019-10-15 20:13:16 DEBUG AsmTransformer:10 - Transforming class using ASM tool
2019-10-15 20:13:16 DEBUG AsmTransformer:10 - Transforming class using ASM tool
2019-10-15 20:13:16 DEBUG AsmTransformer:10 - Transforming class using ASM tool
2019-10-15 20:13:16 DEBUG AsmTransformer:10 - Transforming class using ASM tool
2019-10-15 20:13:16 DEBUG AsmTransformer:10 - Transforming class using ASM tool
2019-10-15 20:13:16 DEBUG AsmTransformer:10 - Transforming class using ASM tool
2019-10-15 20:13:16 DEBUG AsmTransformer:10 - Transforming class using ASM tool
2019-10-15 20:13:16 DEBUG HelloClassAdapter:10 - The class is org/bytecode/test/JavaApp, its superName is java/lang/Object
2019-10-15 20:13:16 DEBUG AsmTransformer:10 - Transforming class using ASM tool
2019-10-15 20:13:16 DEBUG AsmTransformer:10 - Transforming class using ASM tool
2019-10-15 20:13:16 DEBUG AsmTransformer:10 - Transforming class using ASM tool
2019-10-15 20:13:16 DEBUG AsmTransformer:10 - Transforming class using ASM tool
2019-10-15 20:13:16 DEBUG AsmTransformer:10 - Transforming class using ASM tool
2019-10-15 20:13:16 DEBUG AsmTransformer:10 - Transforming class using ASM tool
2019-10-15 20:13:16 DEBUG AsmTransformer:10 - Transforming class using ASM tool
2019-10-15 20:13:16 INFO  HelloInterceptor$:8 - Before: 1571188396892
2019-10-15 20:13:16 INFO  HelloInterceptor$:8 - After: 1571188396892
2019-10-15 20:13:16 DEBUG AsmTransformer:10 - Transforming class using ASM tool
2019-10-15 20:13:16 DEBUG AsmTransformer:10 - Transforming class using ASM tool
2019-10-15 20:13:16 DEBUG AsmTransformer:10 - Transforming class using ASM tool
2019-10-15 20:13:16 DEBUG AsmTransformer:10 - Transforming class using ASM tool
2019-10-15 20:17:51 DEBUG AsmTransformer:10 - Transforming class using ASM tool
2019-10-15 20:17:51 DEBUG AsmTransformer:10 - Transforming class using ASM tool
2019-10-15 20:17:51 DEBUG AsmTransformer:10 - Transforming class using ASM tool
2019-10-15 20:17:51 DEBUG AsmTransformer:10 - Transforming class using ASM tool
2019-10-15 20:17:51 DEBUG AsmTransformer:10 - Transforming class using ASM tool
2019-10-15 20:17:51 DEBUG AsmTransformer:10 - Transforming class using ASM tool
2019-10-15 20:17:51 DEBUG AsmTransformer:10 - Transforming class using ASM tool
2019-10-15 20:17:51 DEBUG AsmTransformer:10 - Transforming class using ASM tool
2019-10-15 20:17:51 DEBUG AsmTransformer:10 - Transforming class using ASM tool
2019-10-15 20:17:51 DEBUG AsmTransformer:10 - Transforming class using ASM tool
2019-10-15 20:17:51 DEBUG AsmTransformer:10 - Transforming class using ASM tool
2019-10-15 20:17:51 DEBUG AsmTransformer:10 - Transforming class using ASM tool
2019-10-15 20:17:51 DEBUG AsmTransformer:10 - Transforming class using ASM tool
2019-10-15 20:17:51 DEBUG AsmTransformer:10 - Transforming class using ASM tool
2019-10-15 20:17:51 DEBUG AsmTransformer:10 - Transforming class using ASM tool
2019-10-15 20:17:51 DEBUG AsmTransformer:10 - Transforming class using ASM tool
2019-10-15 20:17:51 DEBUG AsmTransformer:10 - Transforming class using ASM tool
2019-10-15 20:17:51 DEBUG AsmTransformer:10 - Transforming class using ASM tool
2019-10-15 20:17:51 DEBUG AsmTransformer:10 - Transforming class using ASM tool
2019-10-15 20:17:51 DEBUG AsmTransformer:10 - Transforming class using ASM tool
2019-10-15 20:17:51 DEBUG AsmTransformer:10 - Transforming class using ASM tool
2019-10-15 20:17:51 DEBUG HelloClassAdapter:10 - The class is org/bytecode/test/JavaApp, its superName is java/lang/Object
2019-10-15 20:17:51 DEBUG AsmTransformer:10 - Transforming class using ASM tool
2019-10-15 20:17:51 DEBUG AsmTransformer:10 - Transforming class using ASM tool
2019-10-15 20:17:51 DEBUG AsmTransformer:10 - Transforming class using ASM tool
2019-10-15 20:17:51 DEBUG AsmTransformer:10 - Transforming class using ASM tool
2019-10-15 20:17:51 DEBUG AsmTransformer:10 - Transforming class using ASM tool
2019-10-15 20:17:51 DEBUG AsmTransformer:10 - Transforming class using ASM tool
2019-10-15 20:17:51 DEBUG AsmTransformer:10 - Transforming class using ASM tool
2019-10-15 20:17:51 INFO  HelloInterceptor$:8 - Before: 1571188671884
2019-10-15 20:17:51 INFO  HelloInterceptor$:8 - After: 1571188671885
2019-10-15 20:17:51 DEBUG AsmTransformer:10 - Transforming class using ASM tool
2019-10-15 20:17:51 DEBUG AsmTransformer:10 - Transforming class using ASM tool
2019-10-15 20:17:51 DEBUG AsmTransformer:10 - Transforming class using ASM tool
2019-10-15 20:17:51 DEBUG AsmTransformer:10 - Transforming class using ASM tool
2019-10-15 20:48:04 DEBUG AsmTransformer:10 - Transforming class using ASM tool
2019-10-15 20:48:04 DEBUG AsmTransformer:10 - Transforming class using ASM tool
2019-10-15 20:48:04 DEBUG AsmTransformer:10 - Transforming class using ASM tool
2019-10-15 20:48:04 DEBUG AsmTransformer:10 - Transforming class using ASM tool
2019-10-15 20:48:04 DEBUG AsmTransformer:10 - Transforming class using ASM tool
2019-10-15 20:48:04 DEBUG AsmTransformer:10 - Transforming class using ASM tool
2019-10-15 20:48:04 DEBUG AsmTransformer:10 - Transforming class using ASM tool
2019-10-15 20:48:04 DEBUG AsmTransformer:10 - Transforming class using ASM tool
2019-10-15 20:48:04 DEBUG AsmTransformer:10 - Transforming class using ASM tool
2019-10-15 20:48:04 DEBUG AsmTransformer:10 - Transforming class using ASM tool
2019-10-15 20:48:04 DEBUG AsmTransformer:10 - Transforming class using ASM tool
2019-10-15 20:48:04 DEBUG AsmTransformer:10 - Transforming class using ASM tool
2019-10-15 20:48:04 DEBUG AsmTransformer:10 - Transforming class using ASM tool
2019-10-15 20:48:04 DEBUG AsmTransformer:10 - Transforming class using ASM tool
2019-10-15 20:48:04 DEBUG AsmTransformer:10 - Transforming class using ASM tool
2019-10-15 20:48:04 DEBUG AsmTransformer:10 - Transforming class using ASM tool
2019-10-15 20:48:04 DEBUG AsmTransformer:10 - Transforming class using ASM tool
2019-10-15 20:48:04 DEBUG AsmTransformer:10 - Transforming class using ASM tool
2019-10-15 20:48:04 DEBUG AsmTransformer:10 - Transforming class using ASM tool
2019-10-15 20:48:04 DEBUG AsmTransformer:10 - Transforming class using ASM tool
2019-10-15 20:48:04 DEBUG AsmTransformer:10 - Transforming class using ASM tool
2019-10-15 20:48:04 DEBUG HelloClassAdapter:10 - The class is org/bytecode/test/JavaApp, its superName is java/lang/Object
2019-10-15 20:48:04 DEBUG AsmTransformer:10 - Transforming class using ASM tool
2019-10-15 20:48:04 DEBUG AsmTransformer:10 - Transforming class using ASM tool
2019-10-15 20:48:04 DEBUG AsmTransformer:10 - Transforming class using ASM tool
2019-10-15 20:48:04 DEBUG AsmTransformer:10 - Transforming class using ASM tool
2019-10-15 20:48:04 DEBUG AsmTransformer:10 - Transforming class using ASM tool
2019-10-15 20:48:04 DEBUG AsmTransformer:10 - Transforming class using ASM tool
2019-10-15 20:48:04 DEBUG AsmTransformer:10 - Transforming class using ASM tool
2019-10-15 20:48:04 INFO  HelloInterceptor$:8 - Before: 1571190484585
2019-10-15 20:48:04 INFO  HelloInterceptor$:8 - After: 1571190484586
2019-10-15 20:48:04 DEBUG AsmTransformer:10 - Transforming class using ASM tool
2019-10-15 20:48:04 DEBUG AsmTransformer:10 - Transforming class using ASM tool
2019-10-15 20:48:04 DEBUG AsmTransformer:10 - Transforming class using ASM tool
2019-10-15 20:48:04 DEBUG AsmTransformer:10 - Transforming class using ASM tool
2019-10-15 21:47:41 DEBUG AsmTransformer:10 - Transforming class using ASM tool
2019-10-15 21:47:41 DEBUG AsmTransformer:10 - Transforming class using ASM tool
2019-10-15 21:47:41 DEBUG AsmTransformer:10 - Transforming class using ASM tool
2019-10-15 21:47:41 DEBUG AsmTransformer:10 - Transforming class using ASM tool
2019-10-15 21:47:41 DEBUG AsmTransformer:10 - Transforming class using ASM tool
2019-10-15 21:47:41 DEBUG AsmTransformer:10 - Transforming class using ASM tool
2019-10-15 21:47:41 DEBUG AsmTransformer:10 - Transforming class using ASM tool
2019-10-15 21:47:41 DEBUG AsmTransformer:10 - Transforming class using ASM tool
2019-10-15 21:47:41 DEBUG AsmTransformer:10 - Transforming class using ASM tool
2019-10-15 21:47:41 DEBUG AsmTransformer:10 - Transforming class using ASM tool
2019-10-15 21:47:41 DEBUG AsmTransformer:10 - Transforming class using ASM tool
2019-10-15 21:47:41 DEBUG AsmTransformer:10 - Transforming class using ASM tool
2019-10-15 21:47:41 DEBUG AsmTransformer:10 - Transforming class using ASM tool
2019-10-15 21:47:41 DEBUG AsmTransformer:10 - Transforming class using ASM tool
2019-10-15 21:47:41 DEBUG AsmTransformer:10 - Transforming class using ASM tool
2019-10-15 21:47:41 DEBUG AsmTransformer:10 - Transforming class using ASM tool
2019-10-15 21:47:41 DEBUG AsmTransformer:10 - Transforming class using ASM tool
2019-10-15 21:47:41 DEBUG AsmTransformer:10 - Transforming class using ASM tool
2019-10-15 21:47:41 DEBUG AsmTransformer:10 - Transforming class using ASM tool
2019-10-15 21:47:41 DEBUG AsmTransformer:10 - Transforming class using ASM tool
2019-10-15 21:47:41 DEBUG AsmTransformer:10 - Transforming class using ASM tool
2019-10-15 21:47:42 DEBUG HelloClassAdapter:10 - The class is org/bytecode/test/JavaApp, its superName is java/lang/Object
2019-10-15 21:47:42 DEBUG AsmTransformer:10 - Transforming class using ASM tool
2019-10-15 21:47:42 DEBUG AsmTransformer:10 - Transforming class using ASM tool
2019-10-15 21:47:42 DEBUG AsmTransformer:10 - Transforming class using ASM tool
2019-10-15 21:47:42 DEBUG AsmTransformer:10 - Transforming class using ASM tool
2019-10-15 21:47:42 DEBUG AsmTransformer:10 - Transforming class using ASM tool
2019-10-15 21:47:42 DEBUG AsmTransformer:10 - Transforming class using ASM tool
2019-10-15 21:47:42 DEBUG AsmTransformer:10 - Transforming class using ASM tool
2019-10-15 21:47:42 INFO  HelloInterceptor$:8 - Before: 1571194062100
2019-10-15 21:47:42 INFO  HelloInterceptor$:8 - After: 1571194062100
2019-10-15 21:47:42 DEBUG AsmTransformer:10 - Transforming class using ASM tool
2019-10-15 21:47:42 DEBUG AsmTransformer:10 - Transforming class using ASM tool
2019-10-15 21:47:42 DEBUG AsmTransformer:10 - Transforming class using ASM tool
2019-10-15 21:47:42 DEBUG AsmTransformer:10 - Transforming class using ASM tool
2019-10-15 21:48:24 INFO  HelloClassPrinter:8 -  <init>()V
2019-10-15 21:48:24 INFO  HelloClassPrinter:8 -  initStatics()V
2019-10-15 21:48:24 INFO  HelloClassPrinter:8 -  makeArrayElementAccessor(Ljava/lang/Class;Z)Ljava/lang/invoke/MethodHandle;
2019-10-15 21:48:24 INFO  HelloClassPrinter:8 -  makePairwiseConvert(Ljava/lang/invoke/MethodHandle;Ljava/lang/invoke/MethodType;ZZ)Ljava/lang/invoke/MethodHandle;
2019-10-15 21:48:24 INFO  HelloClassPrinter:8 -  countNonNull([Ljava/lang/Object;)I
2019-10-15 21:48:24 INFO  HelloClassPrinter:8 -  makePairwiseConvertByEditor(Ljava/lang/invoke/MethodHandle;Ljava/lang/invoke/MethodType;ZZ)Ljava/lang/invoke/MethodHandle;
2019-10-15 21:48:24 INFO  HelloClassPrinter:8 -  makePairwiseConvertIndirect(Ljava/lang/invoke/MethodHandle;Ljava/lang/invoke/MethodType;ZZ)Ljava/lang/invoke/MethodHandle;
2019-10-15 21:48:24 INFO  HelloClassPrinter:8 -  castReference(Ljava/lang/Class;Ljava/lang/Object;)Ljava/lang/Object;
2019-10-15 21:48:24 INFO  HelloClassPrinter:8 -  newClassCastException(Ljava/lang/Class;Ljava/lang/Object;)Ljava/lang/ClassCastException;
2019-10-15 21:48:24 INFO  HelloClassPrinter:8 -  computeValueConversions(Ljava/lang/invoke/MethodType;Ljava/lang/invoke/MethodType;ZZ)[Ljava/lang/Object;
2019-10-15 21:48:24 INFO  HelloClassPrinter:8 -  makePairwiseConvert(Ljava/lang/invoke/MethodHandle;Ljava/lang/invoke/MethodType;Z)Ljava/lang/invoke/MethodHandle;
2019-10-15 21:48:24 INFO  HelloClassPrinter:8 -  valueConversion(Ljava/lang/Class;Ljava/lang/Class;ZZ)Ljava/lang/Object;
2019-10-15 21:48:24 INFO  HelloClassPrinter:8 -  makeVarargsCollector(Ljava/lang/invoke/MethodHandle;Ljava/lang/Class;)Ljava/lang/invoke/MethodHandle;
2019-10-15 21:48:24 INFO  HelloClassPrinter:8 -  makeSpreadArguments(Ljava/lang/invoke/MethodHandle;Ljava/lang/Class;II)Ljava/lang/invoke/MethodHandle;
2019-10-15 21:48:24 INFO  HelloClassPrinter:8 -  checkSpreadArgument(Ljava/lang/Object;I)V
2019-10-15 21:48:24 INFO  HelloClassPrinter:8 -  makeCollectArguments(Ljava/lang/invoke/MethodHandle;Ljava/lang/invoke/MethodHandle;IZ)Ljava/lang/invoke/MethodHandle;
2019-10-15 21:48:24 INFO  HelloClassPrinter:8 -  selectAlternative(ZLjava/lang/invoke/MethodHandle;Ljava/lang/invoke/MethodHandle;)Ljava/lang/invoke/MethodHandle;
2019-10-15 21:48:24 INFO  HelloClassPrinter:8 -  profileBoolean(Z[I)Z
2019-10-15 21:48:24 INFO  HelloClassPrinter:8 -  makeGuardWithTest(Ljava/lang/invoke/MethodHandle;Ljava/lang/invoke/MethodHandle;Ljava/lang/invoke/MethodHandle;)Ljava/lang/invoke/MethodHandle;
2019-10-15 21:48:24 INFO  HelloClassPrinter:8 -  profile(Ljava/lang/invoke/MethodHandle;)Ljava/lang/invoke/MethodHandle;
2019-10-15 21:48:24 INFO  HelloClassPrinter:8 -  makeBlockInlningWrapper(Ljava/lang/invoke/MethodHandle;)Ljava/lang/invoke/MethodHandle;
2019-10-15 21:48:24 INFO  HelloClassPrinter:8 -  makeGuardWithTestForm(Ljava/lang/invoke/MethodType;)Ljava/lang/invoke/LambdaForm;
2019-10-15 21:48:24 INFO  HelloClassPrinter:8 -  makeGuardWithCatchForm(Ljava/lang/invoke/MethodType;)Ljava/lang/invoke/LambdaForm;
2019-10-15 21:48:24 INFO  HelloClassPrinter:8 -  makeGuardWithCatch(Ljava/lang/invoke/MethodHandle;Ljava/lang/Class;Ljava/lang/invoke/MethodHandle;)Ljava/lang/invoke/MethodHandle;
2019-10-15 21:48:24 INFO  HelloClassPrinter:8 -  guardWithCatch(Ljava/lang/invoke/MethodHandle;Ljava/lang/Class;Ljava/lang/invoke/MethodHandle;[Ljava/lang/Object;)Ljava/lang/Object;
2019-10-15 21:48:24 INFO  HelloClassPrinter:8 -  prepend(Ljava/lang/Object;[Ljava/lang/Object;)[Ljava/lang/Object;
2019-10-15 21:48:24 INFO  HelloClassPrinter:8 -  throwException(Ljava/lang/invoke/MethodType;)Ljava/lang/invoke/MethodHandle;
2019-10-15 21:48:24 INFO  HelloClassPrinter:8 -  throwException(Ljava/lang/Throwable;)Lsun/invoke/empty/Empty;
2019-10-15 21:48:24 INFO  HelloClassPrinter:8 -  fakeMethodHandleInvoke(Ljava/lang/invoke/MemberName;)Ljava/lang/invoke/MethodHandle;
2019-10-15 21:48:24 INFO  HelloClassPrinter:8 -  bindCaller(Ljava/lang/invoke/MethodHandle;Ljava/lang/Class;)Ljava/lang/invoke/MethodHandle;
2019-10-15 21:48:24 INFO  HelloClassPrinter:8 -  makeWrappedMember(Ljava/lang/invoke/MethodHandle;Ljava/lang/invoke/MemberName;Z)Ljava/lang/invoke/MethodHandle;
2019-10-15 21:48:24 INFO  HelloClassPrinter:8 -  makeIntrinsic(Ljava/lang/invoke/MethodHandle;Ljava/lang/invoke/MethodHandleImpl$Intrinsic;)Ljava/lang/invoke/MethodHandle;
2019-10-15 21:48:24 INFO  HelloClassPrinter:8 -  makeIntrinsic(Ljava/lang/invoke/MethodType;Ljava/lang/invoke/LambdaForm;Ljava/lang/invoke/MethodHandleImpl$Intrinsic;)Ljava/lang/invoke/MethodHandle;
2019-10-15 21:48:24 INFO  HelloClassPrinter:8 -  findCollector(Ljava/lang/String;ILjava/lang/Class;[Ljava/lang/Class;)Ljava/lang/invoke/MethodHandle;
2019-10-15 21:48:24 INFO  HelloClassPrinter:8 -  makeArray([Ljava/lang/Object;)[Ljava/lang/Object;
2019-10-15 21:48:24 INFO  HelloClassPrinter:8 -  array()[Ljava/lang/Object;
2019-10-15 21:48:24 INFO  HelloClassPrinter:8 -  array(Ljava/lang/Object;)[Ljava/lang/Object;
2019-10-15 21:48:24 INFO  HelloClassPrinter:8 -  array(Ljava/lang/Object;Ljava/lang/Object;)[Ljava/lang/Object;
2019-10-15 21:48:24 INFO  HelloClassPrinter:8 -  array(Ljava/lang/Object;Ljava/lang/Object;Ljava/lang/Object;)[Ljava/lang/Object;
2019-10-15 21:48:24 INFO  HelloClassPrinter:8 -  array(Ljava/lang/Object;Ljava/lang/Object;Ljava/lang/Object;Ljava/lang/Object;)[Ljava/lang/Object;
2019-10-15 21:48:24 INFO  HelloClassPrinter:8 -  array(Ljava/lang/Object;Ljava/lang/Object;Ljava/lang/Object;Ljava/lang/Object;Ljava/lang/Object;)[Ljava/lang/Object;
2019-10-15 21:48:24 INFO  HelloClassPrinter:8 -  array(Ljava/lang/Object;Ljava/lang/Object;Ljava/lang/Object;Ljava/lang/Object;Ljava/lang/Object;Ljava/lang/Object;)[Ljava/lang/Object;
2019-10-15 21:48:24 INFO  HelloClassPrinter:8 -  array(Ljava/lang/Object;Ljava/lang/Object;Ljava/lang/Object;Ljava/lang/Object;Ljava/lang/Object;Ljava/lang/Object;Ljava/lang/Object;)[Ljava/lang/Object;
2019-10-15 21:48:24 INFO  HelloClassPrinter:8 -  array(Ljava/lang/Object;Ljava/lang/Object;Ljava/lang/Object;Ljava/lang/Object;Ljava/lang/Object;Ljava/lang/Object;Ljava/lang/Object;Ljava/lang/Object;)[Ljava/lang/Object;
2019-10-15 21:48:24 INFO  HelloClassPrinter:8 -  array(Ljava/lang/Object;Ljava/lang/Object;Ljava/lang/Object;Ljava/lang/Object;Ljava/lang/Object;Ljava/lang/Object;Ljava/lang/Object;Ljava/lang/Object;Ljava/lang/Object;)[Ljava/lang/Object;
2019-10-15 21:48:24 INFO  HelloClassPrinter:8 -  array(Ljava/lang/Object;Ljava/lang/Object;Ljava/lang/Object;Ljava/lang/Object;Ljava/lang/Object;Ljava/lang/Object;Ljava/lang/Object;Ljava/lang/Object;Ljava/lang/Object;Ljava/lang/Object;)[Ljava/lang/Object;
2019-10-15 21:48:24 INFO  HelloClassPrinter:8 -  makeArrays()[Ljava/lang/invoke/MethodHandle;
2019-10-15 21:48:24 INFO  HelloClassPrinter:8 -  fillNewArray(Ljava/lang/Integer;[Ljava/lang/Object;)[Ljava/lang/Object;
2019-10-15 21:48:24 INFO  HelloClassPrinter:8 -  fillNewTypedArray([Ljava/lang/Object;Ljava/lang/Integer;[Ljava/lang/Object;)[Ljava/lang/Object;
2019-10-15 21:48:24 INFO  HelloClassPrinter:8 -  fillWithArguments([Ljava/lang/Object;I[Ljava/lang/Object;)V
2019-10-15 21:48:24 INFO  HelloClassPrinter:8 -  fillArray(Ljava/lang/Integer;[Ljava/lang/Object;Ljava/lang/Object;)[Ljava/lang/Object;
2019-10-15 21:48:24 INFO  HelloClassPrinter:8 -  fillArray(Ljava/lang/Integer;[Ljava/lang/Object;Ljava/lang/Object;Ljava/lang/Object;)[Ljava/lang/Object;
2019-10-15 21:48:24 INFO  HelloClassPrinter:8 -  fillArray(Ljava/lang/Integer;[Ljava/lang/Object;Ljava/lang/Object;Ljava/lang/Object;Ljava/lang/Object;)[Ljava/lang/Object;
2019-10-15 21:48:24 INFO  HelloClassPrinter:8 -  fillArray(Ljava/lang/Integer;[Ljava/lang/Object;Ljava/lang/Object;Ljava/lang/Object;Ljava/lang/Object;Ljava/lang/Object;)[Ljava/lang/Object;
2019-10-15 21:48:24 INFO  HelloClassPrinter:8 -  fillArray(Ljava/lang/Integer;[Ljava/lang/Object;Ljava/lang/Object;Ljava/lang/Object;Ljava/lang/Object;Ljava/lang/Object;Ljava/lang/Object;)[Ljava/lang/Object;
2019-10-15 21:48:24 INFO  HelloClassPrinter:8 -  fillArray(Ljava/lang/Integer;[Ljava/lang/Object;Ljava/lang/Object;Ljava/lang/Object;Ljava/lang/Object;Ljava/lang/Object;Ljava/lang/Object;Ljava/lang/Object;)[Ljava/lang/Object;
2019-10-15 21:48:24 INFO  HelloClassPrinter:8 -  fillArray(Ljava/lang/Integer;[Ljava/lang/Object;Ljava/lang/Object;Ljava/lang/Object;Ljava/lang/Object;Ljava/lang/Object;Ljava/lang/Object;Ljava/lang/Object;Ljava/lang/Object;)[Ljava/lang/Object;
2019-10-15 21:48:24 INFO  HelloClassPrinter:8 -  fillArray(Ljava/lang/Integer;[Ljava/lang/Object;Ljava/lang/Object;Ljava/lang/Object;Ljava/lang/Object;Ljava/lang/Object;Ljava/lang/Object;Ljava/lang/Object;Ljava/lang/Object;Ljava/lang/Object;)[Ljava/lang/Object;
2019-10-15 21:48:24 INFO  HelloClassPrinter:8 -  fillArray(Ljava/lang/Integer;[Ljava/lang/Object;Ljava/lang/Object;Ljava/lang/Object;Ljava/lang/Object;Ljava/lang/Object;Ljava/lang/Object;Ljava/lang/Object;Ljava/lang/Object;Ljava/lang/Object;Ljava/lang/Object;)[Ljava/lang/Object;
2019-10-15 21:48:24 INFO  HelloClassPrinter:8 -  fillArray(Ljava/lang/Integer;[Ljava/lang/Object;Ljava/lang/Object;Ljava/lang/Object;Ljava/lang/Object;Ljava/lang/Object;Ljava/lang/Object;Ljava/lang/Object;Ljava/lang/Object;Ljava/lang/Object;Ljava/lang/Object;Ljava/lang/Object;)[Ljava/lang/Object;
2019-10-15 21:48:24 INFO  HelloClassPrinter:8 -  makeFillArrays()[Ljava/lang/invoke/MethodHandle;
2019-10-15 21:48:24 INFO  HelloClassPrinter:8 -  copyAsPrimitiveArray(Lsun/invoke/util/Wrapper;[Ljava/lang/Object;)Ljava/lang/Object;
2019-10-15 21:48:24 INFO  HelloClassPrinter:8 -  varargsArray(I)Ljava/lang/invoke/MethodHandle;
2019-10-15 21:48:24 INFO  HelloClassPrinter:8 -  assertCorrectArity(Ljava/lang/invoke/MethodHandle;I)Z
2019-10-15 21:48:24 INFO  HelloClassPrinter:8 -  identity([Ljava/lang/Object;)[Ljava/lang/Object;
2019-10-15 21:48:24 INFO  HelloClassPrinter:8 -  buildVarargsArray(Ljava/lang/invoke/MethodHandle;Ljava/lang/invoke/MethodHandle;I)Ljava/lang/invoke/MethodHandle;
2019-10-15 21:48:24 INFO  HelloClassPrinter:8 -  fillToRight(I)Ljava/lang/invoke/MethodHandle;
2019-10-15 21:48:24 INFO  HelloClassPrinter:8 -  buildFiller(I)Ljava/lang/invoke/MethodHandle;
2019-10-15 21:48:24 INFO  HelloClassPrinter:8 -  varargsArray(Ljava/lang/Class;I)Ljava/lang/invoke/MethodHandle;
2019-10-15 21:48:24 INFO  HelloClassPrinter:8 -  buildArrayProducer(Ljava/lang/Class;)Ljava/lang/invoke/MethodHandle;
2019-10-15 21:48:24 INFO  HelloClassPrinter:8 -  assertSame(Ljava/lang/Object;Ljava/lang/Object;)V
2019-10-15 21:48:24 INFO  HelloClassPrinter:8 -  access$000()[Ljava/lang/invoke/MethodHandle;
2019-10-15 21:48:24 INFO  HelloClassPrinter:8 -  access$100()[Ljava/lang/invoke/MethodHandle;
2019-10-15 21:48:24 INFO  HelloClassPrinter:8 -  <clinit>()V
2019-10-15 21:48:24 INFO  HelloClassPrinter:8 - }
2019-10-15 21:48:24 INFO  HelloClassPrinter:8 -  <init>([Ljava/lang/Object;)V
2019-10-15 21:48:24 INFO  HelloClassPrinter:8 -  run()Ljava/lang/Void;
2019-10-15 21:48:24 INFO  HelloClassPrinter:8 -  run()Ljava/lang/Object;
2019-10-15 21:48:24 INFO  HelloClassPrinter:8 - }
2019-10-15 21:48:24 INFO  HelloClassPrinter:8 -  <init>()V
2019-10-15 21:48:24 INFO  HelloClassPrinter:8 -  apply(Ljava/lang/invoke/MethodHandle;)Ljava/lang/invoke/LambdaForm;
2019-10-15 21:48:24 INFO  HelloClassPrinter:8 -  apply(Ljava/lang/Object;)Ljava/lang/Object;
2019-10-15 21:48:24 INFO  HelloClassPrinter:8 - }
2019-10-15 21:48:24 INFO  HelloClassPrinter:8 -  apply(Ljava/lang/Object;)Ljava/lang/Object;
2019-10-15 21:48:24 INFO  HelloClassPrinter:8 -  compose(Ljava/util/function/Function;)Ljava/util/function/Function;
2019-10-15 21:48:24 INFO  HelloClassPrinter:8 -  andThen(Ljava/util/function/Function;)Ljava/util/function/Function;
2019-10-15 21:48:24 INFO  HelloClassPrinter:8 -  identity()Ljava/util/function/Function;
2019-10-15 21:48:24 INFO  HelloClassPrinter:8 -  lambda$identity$2(Ljava/lang/Object;)Ljava/lang/Object;
2019-10-15 21:48:24 INFO  HelloClassPrinter:8 -  lambda$andThen$1(Ljava/util/function/Function;Ljava/lang/Object;)Ljava/lang/Object;
2019-10-15 21:48:24 INFO  HelloClassPrinter:8 -  lambda$compose$0(Ljava/util/function/Function;Ljava/lang/Object;)Ljava/lang/Object;
2019-10-15 21:48:24 INFO  HelloClassPrinter:8 - }
2019-10-15 21:48:24 INFO  HelloClassPrinter:8 -  <init>()V
2019-10-15 21:48:24 INFO  HelloClassPrinter:8 -  apply(Ljava/lang/invoke/MethodHandle;)Ljava/lang/invoke/LambdaForm;
2019-10-15 21:48:24 INFO  HelloClassPrinter:8 -  apply(Ljava/lang/Object;)Ljava/lang/Object;
2019-10-15 21:48:24 INFO  HelloClassPrinter:8 - }
2019-10-15 21:48:24 INFO  HelloClassPrinter:8 -  <init>()V
2019-10-15 21:48:24 INFO  HelloClassPrinter:8 -  computeValue(Ljava/lang/Class;)[Ljava/lang/invoke/MethodHandle;
2019-10-15 21:48:24 INFO  HelloClassPrinter:8 -  computeValue(Ljava/lang/Class;)Ljava/lang/Object;
2019-10-15 21:48:24 INFO  HelloClassPrinter:8 - }
2019-10-15 21:48:24 INFO  HelloClassPrinter:8 -  <init>()V
2019-10-15 21:48:24 INFO  HelloClassPrinter:8 -  computeValue(Ljava/lang/Class;)Ljava/lang/Object;
2019-10-15 21:48:24 INFO  HelloClassPrinter:8 -  get(Ljava/lang/Class;)Ljava/lang/Object;
2019-10-15 21:48:24 INFO  HelloClassPrinter:8 -  remove(Ljava/lang/Class;)V
2019-10-15 21:48:24 INFO  HelloClassPrinter:8 -  put(Ljava/lang/Class;Ljava/lang/Object;)V
2019-10-15 21:48:24 INFO  HelloClassPrinter:8 -  getCacheCarefully(Ljava/lang/Class;)[Ljava/lang/ClassValue$Entry;
2019-10-15 21:48:24 INFO  HelloClassPrinter:8 -  getFromBackup([Ljava/lang/ClassValue$Entry;Ljava/lang/Class;)Ljava/lang/Object;
2019-10-15 21:48:24 INFO  HelloClassPrinter:8 -  castEntry(Ljava/lang/ClassValue$Entry;)Ljava/lang/ClassValue$Entry;
2019-10-15 21:48:24 INFO  HelloClassPrinter:8 -  getFromHashMap(Ljava/lang/Class;)Ljava/lang/Object;
2019-10-15 21:48:24 INFO  HelloClassPrinter:8 -  match(Ljava/lang/ClassValue$Entry;)Z
2019-10-15 21:48:24 INFO  HelloClassPrinter:8 -  version()Ljava/lang/ClassValue$Version;
2019-10-15 21:48:24 INFO  HelloClassPrinter:8 -  bumpVersion()V
2019-10-15 21:48:24 INFO  HelloClassPrinter:8 -  getMap(Ljava/lang/Class;)Ljava/lang/ClassValue$ClassValueMap;
2019-10-15 21:48:24 INFO  HelloClassPrinter:8 -  initializeMap(Ljava/lang/Class;)Ljava/lang/ClassValue$ClassValueMap;
2019-10-15 21:48:24 INFO  HelloClassPrinter:8 -  makeEntry(Ljava/lang/ClassValue$Version;Ljava/lang/Object;)Ljava/lang/ClassValue$Entry;
2019-10-15 21:48:24 INFO  HelloClassPrinter:8 -  <clinit>()V
2019-10-15 21:48:24 INFO  HelloClassPrinter:8 - }
2019-10-15 21:48:24 INFO  HelloClassPrinter:8 -  <init>(Ljava/lang/ClassValue$Version;Ljava/lang/Object;)V
2019-10-15 21:48:24 INFO  HelloClassPrinter:8 -  assertNotPromise()V
2019-10-15 21:48:24 INFO  HelloClassPrinter:8 -  <init>(Ljava/lang/ClassValue$Version;)V
2019-10-15 21:48:24 INFO  HelloClassPrinter:8 -  value()Ljava/lang/Object;
2019-10-15 21:48:24 INFO  HelloClassPrinter:8 -  isPromise()Z
2019-10-15 21:48:24 INFO  HelloClassPrinter:8 -  version()Ljava/lang/ClassValue$Version;
2019-10-15 21:48:24 INFO  HelloClassPrinter:8 -  classValueOrNull()Ljava/lang/ClassValue;
2019-10-15 21:48:24 INFO  HelloClassPrinter:8 -  isLive()Z
2019-10-15 21:48:24 INFO  HelloClassPrinter:8 -  refreshVersion(Ljava/lang/ClassValue$Version;)Ljava/lang/ClassValue$Entry;
2019-10-15 21:48:24 INFO  HelloClassPrinter:8 -  <clinit>()V
2019-10-15 21:48:24 INFO  HelloClassPrinter:8 - }
2019-10-15 21:48:24 INFO  HelloClassPrinter:8 -  <init>()V
2019-10-15 21:48:24 INFO  HelloClassPrinter:8 - }
2019-10-15 21:48:24 INFO  HelloClassPrinter:8 -  <init>(Ljava/lang/ClassValue;)V
2019-10-15 21:48:24 INFO  HelloClassPrinter:8 -  classValue()Ljava/lang/ClassValue;
2019-10-15 21:48:24 INFO  HelloClassPrinter:8 -  promise()Ljava/lang/ClassValue$Entry;
2019-10-15 21:48:24 INFO  HelloClassPrinter:8 -  isLive()Z
2019-10-15 21:48:24 INFO  HelloClassPrinter:8 - }
2019-10-15 21:48:24 INFO  HelloClassPrinter:8 -  <init>()V
2019-10-15 21:48:24 INFO  HelloClassPrinter:8 -  getMembers(Ljava/lang/Class;Ljava/lang/String;Ljava/lang/Object;ILjava/lang/Class;)Ljava/util/List;
2019-10-15 21:48:24 INFO  HelloClassPrinter:8 -  resolve(BLjava/lang/invoke/MemberName;Ljava/lang/Class;)Ljava/lang/invoke/MemberName;
2019-10-15 21:48:24 INFO  HelloClassPrinter:8 -  resolveOrFail(BLjava/lang/invoke/MemberName;Ljava/lang/Class;Ljava/lang/Class;)Ljava/lang/invoke/MemberName;
2019-10-15 21:48:24 INFO  HelloClassPrinter:8 -  resolveOrNull(BLjava/lang/invoke/MemberName;Ljava/lang/Class;)Ljava/lang/invoke/MemberName;
2019-10-15 21:48:24 INFO  HelloClassPrinter:8 -  getMethods(Ljava/lang/Class;ZLjava/lang/Class;)Ljava/util/List;
2019-10-15 21:48:24 INFO  HelloClassPrinter:8 -  getMethods(Ljava/lang/Class;ZLjava/lang/String;Ljava/lang/invoke/MethodType;Ljava/lang/Class;)Ljava/util/List;
2019-10-15 21:48:24 INFO  HelloClassPrinter:8 -  getConstructors(Ljava/lang/Class;Ljava/lang/Class;)Ljava/util/List;
2019-10-15 21:48:24 INFO  HelloClassPrinter:8 -  getFields(Ljava/lang/Class;ZLjava/lang/Class;)Ljava/util/List;
2019-10-15 21:48:24 INFO  HelloClassPrinter:8 -  getFields(Ljava/lang/Class;ZLjava/lang/String;Ljava/lang/Class;Ljava/lang/Class;)Ljava/util/List;
2019-10-15 21:48:24 INFO  HelloClassPrinter:8 -  getNestedTypes(Ljava/lang/Class;ZLjava/lang/Class;)Ljava/util/List;
2019-10-15 21:48:24 INFO  HelloClassPrinter:8 -  newMemberBuffer(I)[Ljava/lang/invoke/MemberName;
2019-10-15 21:48:24 INFO  HelloClassPrinter:8 -  <clinit>()V
2019-10-15 21:48:24 INFO  HelloClassPrinter:8 - }
2019-10-15 21:48:24 INFO  HelloClassPrinter:8 -  <init>()V
2019-10-15 21:48:24 INFO  HelloClassPrinter:8 -  debugEnabled()Z
2019-10-15 21:48:24 INFO  HelloClassPrinter:8 -  getNameString(Ljava/lang/invoke/MethodHandle;Ljava/lang/invoke/MethodType;)Ljava/lang/String;
2019-10-15 21:48:24 INFO  HelloClassPrinter:8 -  getNameString(Ljava/lang/invoke/MethodHandle;Ljava/lang/invoke/MethodHandle;)Ljava/lang/String;
2019-10-15 21:48:24 INFO  HelloClassPrinter:8 -  getNameString(Ljava/lang/invoke/MethodHandle;)Ljava/lang/String;
2019-10-15 21:48:24 INFO  HelloClassPrinter:8 -  addTypeString(Ljava/lang/Object;Ljava/lang/invoke/MethodHandle;)Ljava/lang/String;
2019-10-15 21:48:24 INFO  HelloClassPrinter:8 -  newInternalError(Ljava/lang/String;)Ljava/lang/InternalError;
2019-10-15 21:48:24 INFO  HelloClassPrinter:8 -  newInternalError(Ljava/lang/String;Ljava/lang/Throwable;)Ljava/lang/InternalError;
2019-10-15 21:48:24 INFO  HelloClassPrinter:8 -  newInternalError(Ljava/lang/Throwable;)Ljava/lang/InternalError;
2019-10-15 21:48:24 INFO  HelloClassPrinter:8 -  newIllegalStateException(Ljava/lang/String;)Ljava/lang/RuntimeException;
2019-10-15 21:48:24 INFO  HelloClassPrinter:8 -  newIllegalStateException(Ljava/lang/String;Ljava/lang/Object;)Ljava/lang/RuntimeException;
2019-10-15 21:48:24 INFO  HelloClassPrinter:8 -  newIllegalArgumentException(Ljava/lang/String;)Ljava/lang/RuntimeException;
2019-10-15 21:48:24 INFO  HelloClassPrinter:8 -  newIllegalArgumentException(Ljava/lang/String;Ljava/lang/Object;)Ljava/lang/RuntimeException;
2019-10-15 21:48:24 INFO  HelloClassPrinter:8 -  newIllegalArgumentException(Ljava/lang/String;Ljava/lang/Object;Ljava/lang/Object;)Ljava/lang/RuntimeException;
2019-10-15 21:48:24 INFO  HelloClassPrinter:8 -  uncaughtException(Ljava/lang/Throwable;)Ljava/lang/Error;
2019-10-15 21:48:24 INFO  HelloClassPrinter:8 -  NYI()Ljava/lang/Error;
2019-10-15 21:48:24 INFO  HelloClassPrinter:8 -  message(Ljava/lang/String;Ljava/lang/Object;)Ljava/lang/String;
2019-10-15 21:48:24 INFO  HelloClassPrinter:8 -  message(Ljava/lang/String;Ljava/lang/Object;Ljava/lang/Object;)Ljava/lang/String;
2019-10-15 21:48:24 INFO  HelloClassPrinter:8 -  <clinit>()V
2019-10-15 21:48:24 INFO  HelloClassPrinter:8 - }
2019-10-15 21:48:24 INFO  HelloClassPrinter:8 -  <init>([Ljava/lang/Object;)V
2019-10-15 21:48:24 INFO  HelloClassPrinter:8 -  run()Ljava/lang/Void;
2019-10-15 21:48:24 INFO  HelloClassPrinter:8 -  run()Ljava/lang/Object;
2019-10-15 21:48:24 INFO  HelloClassPrinter:8 - }
2019-10-15 21:48:24 INFO  HelloClassPrinter:8 -  <init>()V
2019-10-15 21:48:24 INFO  HelloClassPrinter:8 -  run()V
2019-10-15 21:48:24 INFO  HelloClassPrinter:8 -  trackJavaUsage()V
2019-10-15 21:48:24 INFO  HelloClassPrinter:8 -  getConfigFilePrivileged()Ljava/io/File;
2019-10-15 21:48:24 INFO  HelloClassPrinter:8 -  getOSSpecificConfigFilePath()Ljava/lang/String;
2019-10-15 21:48:24 INFO  HelloClassPrinter:8 -  getEnvPrivileged(Ljava/lang/String;)Ljava/lang/String;
2019-10-15 21:48:24 INFO  HelloClassPrinter:8 - }
2019-10-15 21:48:24 INFO  HelloClassPrinter:8 -  <init>(Ljava/lang/String;)V
2019-10-15 21:48:24 INFO  HelloClassPrinter:8 -  run()Ljava/io/File;
2019-10-15 21:48:24 INFO  HelloClassPrinter:8 -  run()Ljava/lang/Object;
2019-10-15 21:48:24 INFO  HelloClassPrinter:8 - }
2019-10-15 21:48:24 INFO  HelloClassPrinter:8 -  values()[Lsun/launcher/LauncherHelper;
2019-10-15 21:48:24 INFO  HelloClassPrinter:8 -  valueOf(Ljava/lang/String;)Lsun/launcher/LauncherHelper;
2019-10-15 21:48:24 INFO  HelloClassPrinter:8 -  <init>(Ljava/lang/String;I)V
2019-10-15 21:48:24 INFO  HelloClassPrinter:8 -  showSettings(ZLjava/lang/String;JJJZ)V
2019-10-15 21:48:24 INFO  HelloClassPrinter:8 -  printVmSettings(JJJZ)V
2019-10-15 21:48:24 INFO  HelloClassPrinter:8 -  printProperties()V
2019-10-15 21:48:24 INFO  HelloClassPrinter:8 -  isPath(Ljava/lang/String;)Z
2019-10-15 21:48:24 INFO  HelloClassPrinter:8 -  printPropertyValue(Ljava/lang/String;Ljava/lang/String;)V
2019-10-15 21:48:24 INFO  HelloClassPrinter:8 -  printLocale()V
2019-10-15 21:48:24 INFO  HelloClassPrinter:8 -  printLocales()V
2019-10-15 21:48:24 INFO  HelloClassPrinter:8 -  getLocalizedMessage(Ljava/lang/String;[Ljava/lang/Object;)Ljava/lang/String;
2019-10-15 21:48:24 INFO  HelloClassPrinter:8 -  initHelpMessage(Ljava/lang/String;)V
2019-10-15 21:48:24 INFO  HelloClassPrinter:8 -  appendVmSelectMessage(Ljava/lang/String;Ljava/lang/String;)V
2019-10-15 21:48:24 INFO  HelloClassPrinter:8 -  appendVmSynonymMessage(Ljava/lang/String;Ljava/lang/String;)V
2019-10-15 21:48:24 INFO  HelloClassPrinter:8 -  appendVmErgoMessage(ZLjava/lang/String;)V
2019-10-15 21:48:24 INFO  HelloClassPrinter:8 -  printHelpMessage(Z)V
2019-10-15 21:48:24 INFO  HelloClassPrinter:8 -  printXUsageMessage(Z)V
2019-10-15 21:48:24 INFO  HelloClassPrinter:8 -  initOutput(Z)V
2019-10-15 21:48:24 INFO  HelloClassPrinter:8 -  getMainClassFromJar(Ljava/lang/String;)Ljava/lang/String;
2019-10-15 21:48:24 INFO  HelloClassPrinter:8 -  abort(Ljava/lang/Throwable;Ljava/lang/String;[Ljava/lang/Object;)V
2019-10-15 21:48:24 INFO  HelloClassPrinter:8 -  checkAndLoadMain(ZILjava/lang/String;)Ljava/lang/Class;
2019-10-15 21:48:24 INFO  HelloClassPrinter:8 -  getApplicationClass()Ljava/lang/Class;
2019-10-15 21:48:24 INFO  HelloClassPrinter:8 -  validateMainClass(Ljava/lang/Class;)V
2019-10-15 21:48:24 INFO  HelloClassPrinter:8 -  makePlatformString(Z[B)Ljava/lang/String;
2019-10-15 21:48:24 INFO  HelloClassPrinter:8 -  expandArgs([Ljava/lang/String;)[Ljava/lang/String;
2019-10-15 21:48:24 INFO  HelloClassPrinter:8 -  expandArgs(Ljava/util/List;)[Ljava/lang/String;
2019-10-15 21:48:24 INFO  HelloClassPrinter:8 -  access$300()Ljava/lang/ClassLoader;
2019-10-15 21:48:24 INFO  HelloClassPrinter:8 -  <clinit>()V
2019-10-15 21:48:24 INFO  HelloClassPrinter:8 - }
2019-10-15 21:48:24 INFO  HelloClassPrinter:8 -  <init>([B)V
2019-10-15 21:48:24 INFO  HelloClassPrinter:8 -  beginEntry(Ljava/util/jar/JarEntry;Lsun/security/util/ManifestEntryVerifier;)V
2019-10-15 21:48:24 INFO  HelloClassPrinter:8 -  update(ILsun/security/util/ManifestEntryVerifier;)V
2019-10-15 21:48:24 INFO  HelloClassPrinter:8 -  update(I[BIILsun/security/util/ManifestEntryVerifier;)V
2019-10-15 21:48:24 INFO  HelloClassPrinter:8 -  processEntry(Lsun/security/util/ManifestEntryVerifier;)V
2019-10-15 21:48:24 INFO  HelloClassPrinter:8 -  getCerts(Ljava/lang/String;)[Ljava/security/cert/Certificate;
2019-10-15 21:48:24 INFO  HelloClassPrinter:8 -  getCerts(Ljava/util/jar/JarFile;Ljava/util/jar/JarEntry;)[Ljava/security/cert/Certificate;
2019-10-15 21:48:24 INFO  HelloClassPrinter:8 -  getCodeSigners(Ljava/lang/String;)[Ljava/security/CodeSigner;
2019-10-15 21:48:24 INFO  HelloClassPrinter:8 -  getCodeSigners(Ljava/util/jar/JarFile;Ljava/util/jar/JarEntry;)[Ljava/security/CodeSigner;
2019-10-15 21:48:24 INFO  HelloClassPrinter:8 -  mapSignersToCertArray([Ljava/security/CodeSigner;)[Ljava/security/cert/Certificate;
2019-10-15 21:48:24 INFO  HelloClassPrinter:8 -  nothingToVerify()Z
2019-10-15 21:48:24 INFO  HelloClassPrinter:8 -  doneWithMeta()V
2019-10-15 21:48:24 INFO  HelloClassPrinter:8 -  mapSignersToCodeSource(Ljava/net/URL;[Ljava/security/CodeSigner;)Ljava/security/CodeSource;
2019-10-15 21:48:24 INFO  HelloClassPrinter:8 -  mapSignersToCodeSources(Ljava/net/URL;Ljava/util/List;Z)[Ljava/security/CodeSource;
2019-10-15 21:48:24 INFO  HelloClassPrinter:8 -  findMatchingSigners(Ljava/security/CodeSource;)[Ljava/security/CodeSigner;
2019-10-15 21:48:24 INFO  HelloClassPrinter:8 -  signerMap()Ljava/util/Map;
2019-10-15 21:48:24 INFO  HelloClassPrinter:8 -  entryNames(Ljava/util/jar/JarFile;[Ljava/security/CodeSource;)Ljava/util/Enumeration;
2019-10-15 21:48:24 INFO  HelloClassPrinter:8 -  entries2(Ljava/util/jar/JarFile;Ljava/util/Enumeration;)Ljava/util/Enumeration;
2019-10-15 21:48:24 INFO  HelloClassPrinter:8 -  isSigningRelated(Ljava/lang/String;)Z
2019-10-15 21:48:24 INFO  HelloClassPrinter:8 -  unsignedEntryNames(Ljava/util/jar/JarFile;)Ljava/util/Enumeration;
2019-10-15 21:48:24 INFO  HelloClassPrinter:8 -  getJarCodeSigners()Ljava/util/List;
2019-10-15 21:48:24 INFO  HelloClassPrinter:8 -  getCodeSources(Ljava/util/jar/JarFile;Ljava/net/URL;)[Ljava/security/CodeSource;
2019-10-15 21:48:24 INFO  HelloClassPrinter:8 -  getCodeSource(Ljava/net/URL;Ljava/lang/String;)Ljava/security/CodeSource;
2019-10-15 21:48:24 INFO  HelloClassPrinter:8 -  getCodeSource(Ljava/net/URL;Ljava/util/jar/JarFile;Ljava/util/jar/JarEntry;)Ljava/security/CodeSource;
2019-10-15 21:48:24 INFO  HelloClassPrinter:8 -  setEagerValidation(Z)V
2019-10-15 21:48:24 INFO  HelloClassPrinter:8 -  getManifestDigests()Ljava/util/List;
2019-10-15 21:48:24 INFO  HelloClassPrinter:8 -  getUnsignedCS(Ljava/net/URL;)Ljava/security/CodeSource;
2019-10-15 21:48:24 INFO  HelloClassPrinter:8 -  isTrustedManifestEntry(Ljava/lang/String;)Z
2019-10-15 21:48:24 INFO  HelloClassPrinter:8 -  <clinit>()V
2019-10-15 21:48:24 INFO  HelloClassPrinter:8 - }
2019-10-15 21:48:24 INFO  HelloClassPrinter:8 -  <init>(Ljava/security/cert/CertPath;Ljava/security/Timestamp;)V
2019-10-15 21:48:24 INFO  HelloClassPrinter:8 -  getSignerCertPath()Ljava/security/cert/CertPath;
2019-10-15 21:48:24 INFO  HelloClassPrinter:8 -  getTimestamp()Ljava/security/Timestamp;
2019-10-15 21:48:24 INFO  HelloClassPrinter:8 -  hashCode()I
2019-10-15 21:48:24 INFO  HelloClassPrinter:8 -  equals(Ljava/lang/Object;)Z
2019-10-15 21:48:24 INFO  HelloClassPrinter:8 -  toString()Ljava/lang/String;
2019-10-15 21:48:24 INFO  HelloClassPrinter:8 -  readObject(Ljava/io/ObjectInputStream;)V
2019-10-15 21:48:24 INFO  HelloClassPrinter:8 - }
2019-10-15 21:48:24 INFO  HelloClassPrinter:8 -  <init>(Ljava/util/jar/JarVerifier;)V
2019-10-15 21:48:24 INFO  HelloClassPrinter:8 -  hasMoreElements()Z
2019-10-15 21:48:24 INFO  HelloClassPrinter:8 -  nextElement()Ljava/lang/String;
2019-10-15 21:48:24 INFO  HelloClassPrinter:8 -  nextElement()Ljava/lang/Object;
2019-10-15 21:48:24 INFO  HelloClassPrinter:8 - }
2019-10-15 21:48:24 INFO  HelloClassPrinter:8 -  <init>()V
2019-10-15 21:48:24 INFO  HelloClassPrinter:8 -  <init>(I)V
2019-10-15 21:48:24 INFO  HelloClassPrinter:8 -  ensureCapacity(I)V
2019-10-15 21:48:24 INFO  HelloClassPrinter:8 -  grow(I)V
2019-10-15 21:48:24 INFO  HelloClassPrinter:8 -  hugeCapacity(I)I
2019-10-15 21:48:24 INFO  HelloClassPrinter:8 -  write(I)V
2019-10-15 21:48:24 INFO  HelloClassPrinter:8 -  write([BII)V
2019-10-15 21:48:24 INFO  HelloClassPrinter:8 -  writeTo(Ljava/io/OutputStream;)V
2019-10-15 21:48:24 INFO  HelloClassPrinter:8 -  reset()V
2019-10-15 21:48:24 INFO  HelloClassPrinter:8 -  toByteArray()[B
2019-10-15 21:48:24 INFO  HelloClassPrinter:8 -  size()I
2019-10-15 21:48:24 INFO  HelloClassPrinter:8 -  toString()Ljava/lang/String;
2019-10-15 21:48:24 INFO  HelloClassPrinter:8 -  toString(Ljava/lang/String;)Ljava/lang/String;
2019-10-15 21:48:24 INFO  HelloClassPrinter:8 -  toString(I)Ljava/lang/String;
2019-10-15 21:48:24 INFO  HelloClassPrinter:8 -  close()V
2019-10-15 21:48:24 INFO  HelloClassPrinter:8 - }
2019-10-15 21:48:24 INFO  HelloClassPrinter:8 -  <init>()V
2019-10-15 21:48:24 INFO  HelloClassPrinter:8 -  printHello()V
2019-10-15 21:48:24 INFO  HelloClassPrinter:8 -  main([Ljava/lang/String;)V
2019-10-15 21:48:24 INFO  HelloClassPrinter:8 - }
2019-10-15 21:48:24 INFO  HelloClassPrinter:8 -  <init>()V
2019-10-15 21:48:24 INFO  HelloClassPrinter:8 -  setFXLaunchParameters(Ljava/lang/String;I)V
2019-10-15 21:48:24 INFO  HelloClassPrinter:8 -  doesExtendFXApplication(Ljava/lang/Class;)Z
2019-10-15 21:48:24 INFO  HelloClassPrinter:8 -  main([Ljava/lang/String;)V
2019-10-15 21:48:24 INFO  HelloClassPrinter:8 -  access$100(Ljava/lang/Class;)Z
2019-10-15 21:48:24 INFO  HelloClassPrinter:8 -  access$200(Ljava/lang/String;I)V
2019-10-15 21:48:24 INFO  HelloClassPrinter:8 -  <clinit>()V
2019-10-15 21:48:24 INFO  HelloClassPrinter:8 - }
2019-10-15 21:48:24 INFO  HelloClassPrinter:8 -  <init>(Ljava/lang/String;Ljava/lang/String;ILjava/lang/String;)V
2019-10-15 21:48:24 INFO  HelloClassPrinter:8 -  getName()Ljava/lang/String;
2019-10-15 21:48:24 INFO  HelloClassPrinter:8 -  getBreed()Ljava/lang/String;
2019-10-15 21:48:24 INFO  HelloClassPrinter:8 -  getAge()I
2019-10-15 21:48:24 INFO  HelloClassPrinter:8 -  getColor()Ljava/lang/String;
2019-10-15 21:48:24 INFO  HelloClassPrinter:8 -  toString()Ljava/lang/String;
2019-10-15 21:48:24 INFO  HelloClassPrinter:8 - }
2019-10-15 21:48:24 INFO  HelloClassPrinter:8 -  <init>()V
2019-10-15 21:48:24 INFO  HelloClassPrinter:8 - }
2019-10-15 21:48:24 INFO  HelloClassPrinter:8 -  <init>()V
2019-10-15 21:48:24 INFO  HelloClassPrinter:8 -  setRunFinalizersOnExit(Z)V
2019-10-15 21:48:24 INFO  HelloClassPrinter:8 -  add(IZLjava/lang/Runnable;)V
2019-10-15 21:48:24 INFO  HelloClassPrinter:8 -  runHooks()V
2019-10-15 21:48:24 INFO  HelloClassPrinter:8 -  halt(I)V
2019-10-15 21:48:24 INFO  HelloClassPrinter:8 -  halt0(I)V
2019-10-15 21:48:24 INFO  HelloClassPrinter:8 -  runAllFinalizers()V
2019-10-15 21:48:24 INFO  HelloClassPrinter:8 -  sequence()V
2019-10-15 21:48:24 INFO  HelloClassPrinter:8 -  exit(I)V
2019-10-15 21:48:24 INFO  HelloClassPrinter:8 -  shutdown()V
2019-10-15 21:48:24 INFO  HelloClassPrinter:8 -  <clinit>()V
2019-10-15 21:48:24 INFO  HelloClassPrinter:8 - }
2019-10-15 21:48:24 INFO  HelloClassPrinter:8 -  <init>()V
2019-10-15 21:48:24 INFO  HelloClassPrinter:8 -  <init>(Ljava/lang/Shutdown$1;)V
2019-10-15 21:48:24 INFO  HelloClassPrinter:8 - }
